<?xml version="1.0" encoding="UTF-8"?>
<testsuite name="com.product.controller.UserIntegrationTests" tests="1" skipped="0" failures="0" errors="0" timestamp="2024-03-31T02:29:39" hostname="cyalla-mac" time="1.337">
  <properties/>
  <testcase name="registerUserTest()" classname="com.product.controller.UserIntegrationTests" time="1.337"/>
  <system-out><![CDATA[2024-03-31 07:59:39 [Test worker] INFO  o.s.b.t.c.SpringBootTestContextBootstrapper - Neither @ContextConfiguration nor @ContextHierarchy found for test class [com.product.controller.UserIntegrationTests], using SpringBootContextLoader
2024-03-31 07:59:39 [Test worker] INFO  o.s.t.c.s.AbstractContextLoader - Could not detect default resource locations for test class [com.product.controller.UserIntegrationTests]: no resource found for suffixes {-context.xml, Context.groovy}.
2024-03-31 07:59:39 [Test worker] INFO  o.s.t.c.s.AnnotationConfigContextLoaderUtils - Could not detect default configuration classes for test class [com.product.controller.UserIntegrationTests]: UserIntegrationTests does not declare any static, non-private, non-final, nested classes annotated with @Configuration.
2024-03-31 07:59:39 [Test worker] INFO  o.s.b.t.c.SpringBootTestContextBootstrapper - Found @SpringBootConfiguration com.product.Application for test class com.product.controller.UserIntegrationTests
2024-03-31 07:59:39 [Test worker] INFO  o.s.b.t.c.SpringBootTestContextBootstrapper - Loaded default TestExecutionListener class names from location [META-INF/spring.factories]: [org.springframework.boot.test.autoconfigure.restdocs.RestDocsTestExecutionListener, org.springframework.boot.test.autoconfigure.web.client.MockRestServiceServerResetTestExecutionListener, org.springframework.boot.test.autoconfigure.web.servlet.MockMvcPrintOnlyOnFailureTestExecutionListener, org.springframework.boot.test.autoconfigure.web.servlet.WebDriverTestExecutionListener, org.springframework.boot.test.autoconfigure.webservices.client.MockWebServiceServerTestExecutionListener, org.springframework.test.context.web.ServletTestExecutionListener, org.springframework.test.context.support.DirtiesContextBeforeModesTestExecutionListener, org.springframework.test.context.event.ApplicationEventsTestExecutionListener, org.springframework.test.context.support.DependencyInjectionTestExecutionListener, org.springframework.test.context.support.DirtiesContextTestExecutionListener, org.springframework.test.context.transaction.TransactionalTestExecutionListener, org.springframework.test.context.jdbc.SqlScriptsTestExecutionListener, org.springframework.test.context.event.EventPublishingTestExecutionListener, org.springframework.security.test.context.support.WithSecurityContextTestExecutionListener, org.springframework.security.test.context.support.ReactorContextTestExecutionListener, org.springframework.boot.test.mock.mockito.MockitoTestExecutionListener, org.springframework.boot.test.mock.mockito.ResetMocksTestExecutionListener]
2024-03-31 07:59:39 [Test worker] INFO  o.s.b.t.c.SpringBootTestContextBootstrapper - Using TestExecutionListeners: [org.springframework.test.context.web.ServletTestExecutionListener@65528bcf, org.springframework.test.context.support.DirtiesContextBeforeModesTestExecutionListener@7bb4f09d, org.springframework.test.context.event.ApplicationEventsTestExecutionListener@ee7a538, org.springframework.boot.test.mock.mockito.MockitoTestExecutionListener@7c045627, org.springframework.boot.test.autoconfigure.SpringBootDependencyInjectionTestExecutionListener@d79a69b, org.springframework.test.context.support.DirtiesContextTestExecutionListener@51158fb1, org.springframework.test.context.transaction.TransactionalTestExecutionListener@62682ece, org.springframework.test.context.jdbc.SqlScriptsTestExecutionListener@3c83e9ca, org.springframework.test.context.event.EventPublishingTestExecutionListener@7c0ecdbf, org.springframework.security.test.context.support.WithSecurityContextTestExecutionListener@19bad88, org.springframework.security.test.context.support.ReactorContextTestExecutionListener@2226fd2b, org.springframework.boot.test.autoconfigure.restdocs.RestDocsTestExecutionListener@1488d1c, org.springframework.boot.test.autoconfigure.web.client.MockRestServiceServerResetTestExecutionListener@b21cbbf, org.springframework.boot.test.autoconfigure.web.servlet.MockMvcPrintOnlyOnFailureTestExecutionListener@578ac0be, org.springframework.boot.test.autoconfigure.web.servlet.WebDriverTestExecutionListener@4250b0c1, org.springframework.boot.test.autoconfigure.webservices.client.MockWebServiceServerTestExecutionListener@7b5e5fa, org.springframework.boot.test.mock.mockito.ResetMocksTestExecutionListener@24caa80]
]]></system-out>
  <system-err><![CDATA[]]></system-err>
</testsuite>
