<?xml version="1.0" encoding="UTF-8"?>
<testsuite name="com.product.controller.UserIntegrationTests" tests="1" skipped="0" failures="0" errors="0" timestamp="2024-03-29T08:12:03" hostname="cyalla-mac" time="2.14">
  <properties/>
  <testcase name="registerUserTest()" classname="com.product.controller.UserIntegrationTests" time="2.14"/>
  <system-out><![CDATA[13:41:27.505 [Test worker] DEBUG org.springframework.test.context.BootstrapUtils - Instantiating CacheAwareContextLoaderDelegate from class [org.springframework.test.context.cache.DefaultCacheAwareContextLoaderDelegate]
13:41:27.515 [Test worker] DEBUG org.springframework.test.context.BootstrapUtils - Instantiating BootstrapContext using constructor [public org.springframework.test.context.support.DefaultBootstrapContext(java.lang.Class,org.springframework.test.context.CacheAwareContextLoaderDelegate)]
13:41:27.562 [Test worker] DEBUG org.springframework.test.context.BootstrapUtils - Instantiating TestContextBootstrapper for test class [com.product.controller.UserIntegrationTests] from class [org.springframework.boot.test.context.SpringBootTestContextBootstrapper]
13:41:27.578 [Test worker] INFO org.springframework.boot.test.context.SpringBootTestContextBootstrapper - Neither @ContextConfiguration nor @ContextHierarchy found for test class [com.product.controller.UserIntegrationTests], using SpringBootContextLoader
13:41:27.582 [Test worker] DEBUG org.springframework.test.context.support.AbstractContextLoader - Did not detect default resource location for test class [com.product.controller.UserIntegrationTests]: class path resource [com/product/controller/UserIntegrationTests-context.xml] does not exist
13:41:27.583 [Test worker] DEBUG org.springframework.test.context.support.AbstractContextLoader - Did not detect default resource location for test class [com.product.controller.UserIntegrationTests]: class path resource [com/product/controller/UserIntegrationTestsContext.groovy] does not exist
13:41:27.583 [Test worker] INFO org.springframework.test.context.support.AbstractContextLoader - Could not detect default resource locations for test class [com.product.controller.UserIntegrationTests]: no resource found for suffixes {-context.xml, Context.groovy}.
13:41:27.583 [Test worker] INFO org.springframework.test.context.support.AnnotationConfigContextLoaderUtils - Could not detect default configuration classes for test class [com.product.controller.UserIntegrationTests]: UserIntegrationTests does not declare any static, non-private, non-final, nested classes annotated with @Configuration.
13:41:27.635 [Test worker] DEBUG org.springframework.test.context.support.ActiveProfilesUtils - Could not find an 'annotation declaring class' for annotation type [org.springframework.test.context.ActiveProfiles] and class [com.product.controller.UserIntegrationTests]
13:41:27.782 [Test worker] DEBUG org.springframework.context.annotation.ClassPathScanningCandidateComponentProvider - Identified candidate component class: file [/Users/cyalla/Documents/Orahack2024/git_productrepo/productrepo/projectapp/build/classes/java/main/com/product/Application.class]
13:41:27.787 [Test worker] INFO org.springframework.boot.test.context.SpringBootTestContextBootstrapper - Found @SpringBootConfiguration com.product.Application for test class com.product.controller.UserIntegrationTests
13:41:27.882 [Test worker] DEBUG org.springframework.boot.test.context.SpringBootTestContextBootstrapper - @TestExecutionListeners is not present for class [com.product.controller.UserIntegrationTests]: using defaults.
13:41:27.884 [Test worker] INFO org.springframework.boot.test.context.SpringBootTestContextBootstrapper - Loaded default TestExecutionListener class names from location [META-INF/spring.factories]: [org.springframework.boot.test.autoconfigure.restdocs.RestDocsTestExecutionListener, org.springframework.boot.test.autoconfigure.web.client.MockRestServiceServerResetTestExecutionListener, org.springframework.boot.test.autoconfigure.web.servlet.MockMvcPrintOnlyOnFailureTestExecutionListener, org.springframework.boot.test.autoconfigure.web.servlet.WebDriverTestExecutionListener, org.springframework.boot.test.autoconfigure.webservices.client.MockWebServiceServerTestExecutionListener, org.springframework.test.context.web.ServletTestExecutionListener, org.springframework.test.context.support.DirtiesContextBeforeModesTestExecutionListener, org.springframework.test.context.event.ApplicationEventsTestExecutionListener, org.springframework.test.context.support.DependencyInjectionTestExecutionListener, org.springframework.test.context.support.DirtiesContextTestExecutionListener, org.springframework.test.context.transaction.TransactionalTestExecutionListener, org.springframework.test.context.jdbc.SqlScriptsTestExecutionListener, org.springframework.test.context.event.EventPublishingTestExecutionListener, org.springframework.security.test.context.support.WithSecurityContextTestExecutionListener, org.springframework.security.test.context.support.ReactorContextTestExecutionListener, org.springframework.boot.test.mock.mockito.MockitoTestExecutionListener, org.springframework.boot.test.mock.mockito.ResetMocksTestExecutionListener]
13:41:27.905 [Test worker] INFO org.springframework.boot.test.context.SpringBootTestContextBootstrapper - Using TestExecutionListeners: [org.springframework.test.context.web.ServletTestExecutionListener@4f2613d1, org.springframework.test.context.support.DirtiesContextBeforeModesTestExecutionListener@6d24ffa1, org.springframework.test.context.event.ApplicationEventsTestExecutionListener@65a4798f, org.springframework.boot.test.mock.mockito.MockitoTestExecutionListener@773f7880, org.springframework.boot.test.autoconfigure.SpringBootDependencyInjectionTestExecutionListener@878452d, org.springframework.test.context.support.DirtiesContextTestExecutionListener@426b6a74, org.springframework.test.context.transaction.TransactionalTestExecutionListener@4c51bb7, org.springframework.test.context.jdbc.SqlScriptsTestExecutionListener@83298d7, org.springframework.test.context.event.EventPublishingTestExecutionListener@42a9e5d1, org.springframework.security.test.context.support.WithSecurityContextTestExecutionListener@5b080f3a, org.springframework.security.test.context.support.ReactorContextTestExecutionListener@773cbf4f, org.springframework.boot.test.autoconfigure.restdocs.RestDocsTestExecutionListener@6b54655f, org.springframework.boot.test.autoconfigure.web.client.MockRestServiceServerResetTestExecutionListener@665e9289, org.springframework.boot.test.autoconfigure.web.servlet.MockMvcPrintOnlyOnFailureTestExecutionListener@7d3430a7, org.springframework.boot.test.autoconfigure.web.servlet.WebDriverTestExecutionListener@6f603e89, org.springframework.boot.test.autoconfigure.webservices.client.MockWebServiceServerTestExecutionListener@2756c0a7, org.springframework.boot.test.mock.mockito.ResetMocksTestExecutionListener@350ec41e]
13:41:27.911 [Test worker] DEBUG org.springframework.test.context.support.AbstractDirtiesContextTestExecutionListener - Before test class: context [DefaultTestContext@3ce3db41 testClass = UserIntegrationTests, testInstance = [null], testMethod = [null], testException = [null], mergedContextConfiguration = [WebMergedContextConfiguration@64df9a61 testClass = UserIntegrationTests, locations = '{}', classes = '{class com.product.Application}', contextInitializerClasses = '[]', activeProfiles = '{}', propertySourceLocations = '{}', propertySourceProperties = '{spring.profiles.active=test, org.springframework.boot.test.context.SpringBootTestContextBootstrapper=true, server.port=0}', contextCustomizers = set[org.springframework.boot.test.autoconfigure.actuate.metrics.MetricsExportContextCustomizerFactory$DisableMetricExportContextCustomizer@d41f816, org.springframework.boot.test.autoconfigure.properties.PropertyMappingContextCustomizer@0, org.springframework.boot.test.autoconfigure.web.servlet.WebDriverContextCustomizerFactory$Customizer@14fc1f0, org.springframework.boot.test.context.filter.ExcludeFilterContextCustomizer@3adcc812, org.springframework.boot.test.json.DuplicateJsonObjectContextCustomizerFactory$DuplicateJsonObjectContextCustomizer@7a1a14a4, org.springframework.boot.test.mock.mockito.MockitoContextCustomizer@0, org.springframework.boot.test.web.client.TestRestTemplateContextCustomizer@3fed2870, org.springframework.boot.test.context.SpringBootTestArgs@1, org.springframework.boot.test.context.SpringBootTestWebEnvironment@65b3f4a4], resourceBasePath = 'src/main/webapp', contextLoader = 'org.springframework.boot.test.context.SpringBootContextLoader', parent = [null]], attributes = map['org.springframework.test.context.web.ServletTestExecutionListener.activateListener' -> false]], class annotated with @DirtiesContext [false] with mode [null].
13:41:27.937 [Test worker] DEBUG org.springframework.test.context.support.DependencyInjectionTestExecutionListener - Performing dependency injection for test context [[DefaultTestContext@3ce3db41 testClass = UserIntegrationTests, testInstance = com.product.controller.UserIntegrationTests@21d8bcbe, testMethod = [null], testException = [null], mergedContextConfiguration = [WebMergedContextConfiguration@64df9a61 testClass = UserIntegrationTests, locations = '{}', classes = '{class com.product.Application}', contextInitializerClasses = '[]', activeProfiles = '{}', propertySourceLocations = '{}', propertySourceProperties = '{spring.profiles.active=test, org.springframework.boot.test.context.SpringBootTestContextBootstrapper=true, server.port=0}', contextCustomizers = set[org.springframework.boot.test.autoconfigure.actuate.metrics.MetricsExportContextCustomizerFactory$DisableMetricExportContextCustomizer@d41f816, org.springframework.boot.test.autoconfigure.properties.PropertyMappingContextCustomizer@0, org.springframework.boot.test.autoconfigure.web.servlet.WebDriverContextCustomizerFactory$Customizer@14fc1f0, org.springframework.boot.test.context.filter.ExcludeFilterContextCustomizer@3adcc812, org.springframework.boot.test.json.DuplicateJsonObjectContextCustomizerFactory$DuplicateJsonObjectContextCustomizer@7a1a14a4, org.springframework.boot.test.mock.mockito.MockitoContextCustomizer@0, org.springframework.boot.test.web.client.TestRestTemplateContextCustomizer@3fed2870, org.springframework.boot.test.context.SpringBootTestArgs@1, org.springframework.boot.test.context.SpringBootTestWebEnvironment@65b3f4a4], resourceBasePath = 'src/main/webapp', contextLoader = 'org.springframework.boot.test.context.SpringBootContextLoader', parent = [null]], attributes = map['org.springframework.test.context.web.ServletTestExecutionListener.activateListener' -> false, 'org.springframework.test.context.event.ApplicationEventsTestExecutionListener.recordApplicationEvents' -> false]]].

  .   ____          _            __ _ _
 /\\ / ___'_ __ _ _(_)_ __  __ _ \ \ \ \
( ( )\___ | '_ | '_| | '_ \/ _` | \ \ \ \
 \\/  ___)| |_)| | | | | || (_| |  ) ) ) )
  '  |____| .__|_| |_|_| |_\__, | / / / /
 =========|_|==============|___/=/_/_/_/
 :: Spring Boot ::                (v2.6.3)

2024-03-29 13:41:29.709  INFO 13869 --- [    Test worker] c.p.controller.UserIntegrationTests      : Starting UserIntegrationTests using Java 18.0.1.1 on cyalla-mac with PID 13869 (started by cyalla in /Users/cyalla/Documents/Orahack2024/git_productrepo/productrepo/projectapp)
2024-03-29 13:41:29.711  INFO 13869 --- [    Test worker] c.p.controller.UserIntegrationTests      : The following profiles are active: test
2024-03-29 13:41:30.718  INFO 13869 --- [    Test worker] .s.d.r.c.RepositoryConfigurationDelegate : Bootstrapping Spring Data JPA repositories in DEFAULT mode.
2024-03-29 13:41:30.783  INFO 13869 --- [    Test worker] .s.d.r.c.RepositoryConfigurationDelegate : Finished Spring Data repository scanning in 57 ms. Found 2 JPA repository interfaces.
2024-03-29 13:41:31.983  INFO 13869 --- [    Test worker] o.s.b.w.embedded.tomcat.TomcatWebServer  : Tomcat initialized with port(s): 0 (http)
2024-03-29 13:41:31.993  INFO 13869 --- [    Test worker] o.apache.catalina.core.StandardService   : Starting service [Tomcat]
2024-03-29 13:41:31.994  INFO 13869 --- [    Test worker] org.apache.catalina.core.StandardEngine  : Starting Servlet engine: [Apache Tomcat/9.0.56]
2024-03-29 13:41:32.090  INFO 13869 --- [    Test worker] o.a.c.c.C.[Tomcat].[localhost].[/]       : Initializing Spring embedded WebApplicationContext
2024-03-29 13:41:32.090  INFO 13869 --- [    Test worker] w.s.c.ServletWebServerApplicationContext : Root WebApplicationContext: initialization completed in 2325 ms
2024-03-29 13:41:32.889  INFO 13869 --- [    Test worker] com.zaxxer.hikari.HikariDataSource       : HikariPool-1 - Starting...
2024-03-29 13:41:37.005  INFO 13869 --- [    Test worker] com.zaxxer.hikari.HikariDataSource       : HikariPool-1 - Start completed.
2024-03-29 13:42:01.191  INFO 13869 --- [    Test worker] j.LocalContainerEntityManagerFactoryBean : Initialized JPA EntityManagerFactory for persistence unit 'default'
2024-03-29 13:42:02.075  WARN 13869 --- [    Test worker] JpaBaseConfiguration$JpaWebConfiguration : spring.jpa.open-in-view is enabled by default. Therefore, database queries may be performed during view rendering. Explicitly configure spring.jpa.open-in-view to disable this warning
2024-03-29 13:42:02.666  INFO 13869 --- [    Test worker] o.s.b.a.w.s.WelcomePageHandlerMapping    : Adding welcome page: ServletContext resource [/index.html]
2024-03-29 13:42:03.076  INFO 13869 --- [    Test worker] o.s.b.w.embedded.tomcat.TomcatWebServer  : Tomcat started on port(s): 60262 (http) with context path ''
2024-03-29 13:42:03.129  INFO 13869 --- [    Test worker] c.p.controller.UserIntegrationTests      : Started UserIntegrationTests in 35.15 seconds (JVM running for 36.719)
]]></system-out>
  <system-err><![CDATA[]]></system-err>
</testsuite>
