<?xml version="1.0" encoding="UTF-8"?>
<testsuite name="com.product.controller.ProductIntegrationTests" tests="1" skipped="0" failures="0" errors="0" timestamp="2024-03-30T03:52:50" hostname="cyalla-mac" time="1.809">
  <properties/>
  <testcase name="createProductTest()" classname="com.product.controller.ProductIntegrationTests" time="1.809"/>
  <system-out><![CDATA[09:22:18.439 [Test worker] DEBUG org.springframework.test.context.BootstrapUtils - Instantiating CacheAwareContextLoaderDelegate from class [org.springframework.test.context.cache.DefaultCacheAwareContextLoaderDelegate]
09:22:18.447 [Test worker] DEBUG org.springframework.test.context.BootstrapUtils - Instantiating BootstrapContext using constructor [public org.springframework.test.context.support.DefaultBootstrapContext(java.lang.Class,org.springframework.test.context.CacheAwareContextLoaderDelegate)]
09:22:18.491 [Test worker] DEBUG org.springframework.test.context.BootstrapUtils - Instantiating TestContextBootstrapper for test class [com.product.controller.ProductIntegrationTests] from class [org.springframework.boot.test.context.SpringBootTestContextBootstrapper]
09:22:18.507 [Test worker] INFO org.springframework.boot.test.context.SpringBootTestContextBootstrapper - Neither @ContextConfiguration nor @ContextHierarchy found for test class [com.product.controller.ProductIntegrationTests], using SpringBootContextLoader
09:22:18.511 [Test worker] DEBUG org.springframework.test.context.support.AbstractContextLoader - Did not detect default resource location for test class [com.product.controller.ProductIntegrationTests]: class path resource [com/product/controller/ProductIntegrationTests-context.xml] does not exist
09:22:18.512 [Test worker] DEBUG org.springframework.test.context.support.AbstractContextLoader - Did not detect default resource location for test class [com.product.controller.ProductIntegrationTests]: class path resource [com/product/controller/ProductIntegrationTestsContext.groovy] does not exist
09:22:18.512 [Test worker] INFO org.springframework.test.context.support.AbstractContextLoader - Could not detect default resource locations for test class [com.product.controller.ProductIntegrationTests]: no resource found for suffixes {-context.xml, Context.groovy}.
09:22:18.512 [Test worker] INFO org.springframework.test.context.support.AnnotationConfigContextLoaderUtils - Could not detect default configuration classes for test class [com.product.controller.ProductIntegrationTests]: ProductIntegrationTests does not declare any static, non-private, non-final, nested classes annotated with @Configuration.
09:22:18.565 [Test worker] DEBUG org.springframework.test.context.support.ActiveProfilesUtils - Could not find an 'annotation declaring class' for annotation type [org.springframework.test.context.ActiveProfiles] and class [com.product.controller.ProductIntegrationTests]
09:22:18.701 [Test worker] DEBUG org.springframework.context.annotation.ClassPathScanningCandidateComponentProvider - Identified candidate component class: file [/Users/cyalla/Documents/Orahack2024/git_productrepo/productrepo/projectapp/build/classes/java/main/com/product/Application.class]
09:22:18.706 [Test worker] INFO org.springframework.boot.test.context.SpringBootTestContextBootstrapper - Found @SpringBootConfiguration com.product.Application for test class com.product.controller.ProductIntegrationTests
09:22:18.793 [Test worker] DEBUG org.springframework.boot.test.context.SpringBootTestContextBootstrapper - @TestExecutionListeners is not present for class [com.product.controller.ProductIntegrationTests]: using defaults.
09:22:18.794 [Test worker] INFO org.springframework.boot.test.context.SpringBootTestContextBootstrapper - Loaded default TestExecutionListener class names from location [META-INF/spring.factories]: [org.springframework.boot.test.autoconfigure.restdocs.RestDocsTestExecutionListener, org.springframework.boot.test.autoconfigure.web.client.MockRestServiceServerResetTestExecutionListener, org.springframework.boot.test.autoconfigure.web.servlet.MockMvcPrintOnlyOnFailureTestExecutionListener, org.springframework.boot.test.autoconfigure.web.servlet.WebDriverTestExecutionListener, org.springframework.boot.test.autoconfigure.webservices.client.MockWebServiceServerTestExecutionListener, org.springframework.test.context.web.ServletTestExecutionListener, org.springframework.test.context.support.DirtiesContextBeforeModesTestExecutionListener, org.springframework.test.context.event.ApplicationEventsTestExecutionListener, org.springframework.test.context.support.DependencyInjectionTestExecutionListener, org.springframework.test.context.support.DirtiesContextTestExecutionListener, org.springframework.test.context.transaction.TransactionalTestExecutionListener, org.springframework.test.context.jdbc.SqlScriptsTestExecutionListener, org.springframework.test.context.event.EventPublishingTestExecutionListener, org.springframework.security.test.context.support.WithSecurityContextTestExecutionListener, org.springframework.security.test.context.support.ReactorContextTestExecutionListener, org.springframework.boot.test.mock.mockito.MockitoTestExecutionListener, org.springframework.boot.test.mock.mockito.ResetMocksTestExecutionListener]
09:22:18.813 [Test worker] INFO org.springframework.boot.test.context.SpringBootTestContextBootstrapper - Using TestExecutionListeners: [org.springframework.test.context.web.ServletTestExecutionListener@4f2613d1, org.springframework.test.context.support.DirtiesContextBeforeModesTestExecutionListener@6d24ffa1, org.springframework.test.context.event.ApplicationEventsTestExecutionListener@65a4798f, org.springframework.boot.test.mock.mockito.MockitoTestExecutionListener@773f7880, org.springframework.boot.test.autoconfigure.SpringBootDependencyInjectionTestExecutionListener@878452d, org.springframework.test.context.support.DirtiesContextTestExecutionListener@426b6a74, org.springframework.test.context.transaction.TransactionalTestExecutionListener@4c51bb7, org.springframework.test.context.jdbc.SqlScriptsTestExecutionListener@83298d7, org.springframework.test.context.event.EventPublishingTestExecutionListener@42a9e5d1, org.springframework.security.test.context.support.WithSecurityContextTestExecutionListener@5b080f3a, org.springframework.security.test.context.support.ReactorContextTestExecutionListener@773cbf4f, org.springframework.boot.test.autoconfigure.restdocs.RestDocsTestExecutionListener@6b54655f, org.springframework.boot.test.autoconfigure.web.client.MockRestServiceServerResetTestExecutionListener@665e9289, org.springframework.boot.test.autoconfigure.web.servlet.MockMvcPrintOnlyOnFailureTestExecutionListener@7d3430a7, org.springframework.boot.test.autoconfigure.web.servlet.WebDriverTestExecutionListener@6f603e89, org.springframework.boot.test.autoconfigure.webservices.client.MockWebServiceServerTestExecutionListener@2756c0a7, org.springframework.boot.test.mock.mockito.ResetMocksTestExecutionListener@350ec41e]
09:22:18.816 [Test worker] DEBUG org.springframework.test.context.support.AbstractDirtiesContextTestExecutionListener - Before test class: context [DefaultTestContext@3ce3db41 testClass = ProductIntegrationTests, testInstance = [null], testMethod = [null], testException = [null], mergedContextConfiguration = [WebMergedContextConfiguration@64df9a61 testClass = ProductIntegrationTests, locations = '{}', classes = '{class com.product.Application}', contextInitializerClasses = '[]', activeProfiles = '{}', propertySourceLocations = '{}', propertySourceProperties = '{spring.profiles.active=test, org.springframework.boot.test.context.SpringBootTestContextBootstrapper=true, server.port=0}', contextCustomizers = set[org.springframework.boot.test.autoconfigure.actuate.metrics.MetricsExportContextCustomizerFactory$DisableMetricExportContextCustomizer@d41f816, org.springframework.boot.test.autoconfigure.properties.PropertyMappingContextCustomizer@0, org.springframework.boot.test.autoconfigure.web.servlet.WebDriverContextCustomizerFactory$Customizer@14fc1f0, org.springframework.boot.test.context.filter.ExcludeFilterContextCustomizer@3adcc812, org.springframework.boot.test.json.DuplicateJsonObjectContextCustomizerFactory$DuplicateJsonObjectContextCustomizer@7a1a14a4, org.springframework.boot.test.mock.mockito.MockitoContextCustomizer@0, org.springframework.boot.test.web.client.TestRestTemplateContextCustomizer@3fed2870, org.springframework.boot.test.context.SpringBootTestArgs@1, org.springframework.boot.test.context.SpringBootTestWebEnvironment@65b3f4a4], resourceBasePath = 'src/main/webapp', contextLoader = 'org.springframework.boot.test.context.SpringBootContextLoader', parent = [null]], attributes = map['org.springframework.test.context.web.ServletTestExecutionListener.activateListener' -> false]], class annotated with @DirtiesContext [false] with mode [null].
09:22:18.836 [Test worker] DEBUG org.springframework.test.context.support.DependencyInjectionTestExecutionListener - Performing dependency injection for test context [[DefaultTestContext@3ce3db41 testClass = ProductIntegrationTests, testInstance = com.product.controller.ProductIntegrationTests@21d8bcbe, testMethod = [null], testException = [null], mergedContextConfiguration = [WebMergedContextConfiguration@64df9a61 testClass = ProductIntegrationTests, locations = '{}', classes = '{class com.product.Application}', contextInitializerClasses = '[]', activeProfiles = '{}', propertySourceLocations = '{}', propertySourceProperties = '{spring.profiles.active=test, org.springframework.boot.test.context.SpringBootTestContextBootstrapper=true, server.port=0}', contextCustomizers = set[org.springframework.boot.test.autoconfigure.actuate.metrics.MetricsExportContextCustomizerFactory$DisableMetricExportContextCustomizer@d41f816, org.springframework.boot.test.autoconfigure.properties.PropertyMappingContextCustomizer@0, org.springframework.boot.test.autoconfigure.web.servlet.WebDriverContextCustomizerFactory$Customizer@14fc1f0, org.springframework.boot.test.context.filter.ExcludeFilterContextCustomizer@3adcc812, org.springframework.boot.test.json.DuplicateJsonObjectContextCustomizerFactory$DuplicateJsonObjectContextCustomizer@7a1a14a4, org.springframework.boot.test.mock.mockito.MockitoContextCustomizer@0, org.springframework.boot.test.web.client.TestRestTemplateContextCustomizer@3fed2870, org.springframework.boot.test.context.SpringBootTestArgs@1, org.springframework.boot.test.context.SpringBootTestWebEnvironment@65b3f4a4], resourceBasePath = 'src/main/webapp', contextLoader = 'org.springframework.boot.test.context.SpringBootContextLoader', parent = [null]], attributes = map['org.springframework.test.context.web.ServletTestExecutionListener.activateListener' -> false, 'org.springframework.test.context.event.ApplicationEventsTestExecutionListener.recordApplicationEvents' -> false]]].

  .   ____          _            __ _ _
 /\\ / ___'_ __ _ _(_)_ __  __ _ \ \ \ \
( ( )\___ | '_ | '_| | '_ \/ _` | \ \ \ \
 \\/  ___)| |_)| | | | | || (_| |  ) ) ) )
  '  |____| .__|_| |_|_| |_\__, | / / / /
 =========|_|==============|___/=/_/_/_/
 :: Spring Boot ::                (v2.6.3)

2024-03-30 09:22:19 [Test worker] INFO  c.p.c.ProductIntegrationTests - Starting ProductIntegrationTests using Java 18.0.1.1 on cyalla-mac with PID 6147 (started by cyalla in /Users/cyalla/Documents/Orahack2024/git_productrepo/productrepo/projectapp)
2024-03-30 09:22:19 [Test worker] DEBUG c.p.c.ProductIntegrationTests - Running with Spring Boot v2.6.3, Spring v5.3.15
2024-03-30 09:22:19 [Test worker] INFO  c.p.c.ProductIntegrationTests - The following profiles are active: test
2024-03-30 09:22:20 [Test worker] INFO  o.s.d.r.c.RepositoryConfigurationDelegate - Bootstrapping Spring Data JPA repositories in DEFAULT mode.
2024-03-30 09:22:20 [Test worker] INFO  o.s.d.r.c.RepositoryConfigurationDelegate - Finished Spring Data repository scanning in 75 ms. Found 2 JPA repository interfaces.
2024-03-30 09:22:21 [Test worker] INFO  o.s.b.w.e.tomcat.TomcatWebServer - Tomcat initialized with port(s): 0 (http)
2024-03-30 09:22:21 [Test worker] INFO  o.a.catalina.core.StandardService - Starting service [Tomcat]
2024-03-30 09:22:21 [Test worker] INFO  o.a.catalina.core.StandardEngine - Starting Servlet engine: [Apache Tomcat/9.0.56]
2024-03-30 09:22:21 [Test worker] INFO  o.a.c.c.C.[Tomcat].[localhost].[/] - Initializing Spring embedded WebApplicationContext
2024-03-30 09:22:21 [Test worker] INFO  o.s.b.w.s.c.ServletWebServerApplicationContext - Root WebApplicationContext: initialization completed in 2200 ms
2024-03-30 09:22:22 [Test worker] INFO  com.zaxxer.hikari.HikariDataSource - HikariPool-1 - Starting...
2024-03-30 09:22:26 [Test worker] INFO  com.zaxxer.hikari.HikariDataSource - HikariPool-1 - Start completed.
2024-03-30 09:22:48 [Test worker] INFO  o.s.o.j.LocalContainerEntityManagerFactoryBean - Initialized JPA EntityManagerFactory for persistence unit 'default'
2024-03-30 09:22:49 [Test worker] WARN  o.s.b.a.o.j.JpaBaseConfiguration$JpaWebConfiguration - spring.jpa.open-in-view is enabled by default. Therefore, database queries may be performed during view rendering. Explicitly configure spring.jpa.open-in-view to disable this warning
2024-03-30 09:22:49 [Test worker] INFO  o.s.b.a.w.s.WelcomePageHandlerMapping - Adding welcome page: ServletContext resource [/index.html]
2024-03-30 09:22:50 [Test worker] INFO  o.s.b.w.e.tomcat.TomcatWebServer - Tomcat started on port(s): 59965 (http) with context path ''
2024-03-30 09:22:50 [Test worker] INFO  c.p.c.ProductIntegrationTests - Started ProductIntegrationTests in 31.581 seconds (JVM running for 33.073)
]]></system-out>
  <system-err><![CDATA[]]></system-err>
</testsuite>
