<?xml version="1.0" encoding="UTF-8"?>
<testsuite name="com.product.controller.ProductIntegrationTests" tests="1" skipped="0" failures="0" errors="0" timestamp="2024-03-29T08:12:05" hostname="cyalla-mac" time="1.038">
  <properties/>
  <testcase name="createProductTest()" classname="com.product.controller.ProductIntegrationTests" time="1.038"/>
  <system-out><![CDATA[2024-03-29 13:42:05.345  INFO 13869 --- [    Test worker] .b.t.c.SpringBootTestContextBootstrapper : Neither @ContextConfiguration nor @ContextHierarchy found for test class [com.product.controller.ProductIntegrationTests], using SpringBootContextLoader
2024-03-29 13:42:05.348  INFO 13869 --- [    Test worker] o.s.t.c.support.AbstractContextLoader    : Could not detect default resource locations for test class [com.product.controller.ProductIntegrationTests]: no resource found for suffixes {-context.xml, Context.groovy}.
2024-03-29 13:42:05.348  INFO 13869 --- [    Test worker] t.c.s.AnnotationConfigContextLoaderUtils : Could not detect default configuration classes for test class [com.product.controller.ProductIntegrationTests]: ProductIntegrationTests does not declare any static, non-private, non-final, nested classes annotated with @Configuration.
2024-03-29 13:42:05.357  INFO 13869 --- [    Test worker] .b.t.c.SpringBootTestContextBootstrapper : Found @SpringBootConfiguration com.product.Application for test class com.product.controller.ProductIntegrationTests
2024-03-29 13:42:05.365  INFO 13869 --- [    Test worker] .b.t.c.SpringBootTestContextBootstrapper : Loaded default TestExecutionListener class names from location [META-INF/spring.factories]: [org.springframework.boot.test.autoconfigure.restdocs.RestDocsTestExecutionListener, org.springframework.boot.test.autoconfigure.web.client.MockRestServiceServerResetTestExecutionListener, org.springframework.boot.test.autoconfigure.web.servlet.MockMvcPrintOnlyOnFailureTestExecutionListener, org.springframework.boot.test.autoconfigure.web.servlet.WebDriverTestExecutionListener, org.springframework.boot.test.autoconfigure.webservices.client.MockWebServiceServerTestExecutionListener, org.springframework.test.context.web.ServletTestExecutionListener, org.springframework.test.context.support.DirtiesContextBeforeModesTestExecutionListener, org.springframework.test.context.event.ApplicationEventsTestExecutionListener, org.springframework.test.context.support.DependencyInjectionTestExecutionListener, org.springframework.test.context.support.DirtiesContextTestExecutionListener, org.springframework.test.context.transaction.TransactionalTestExecutionListener, org.springframework.test.context.jdbc.SqlScriptsTestExecutionListener, org.springframework.test.context.event.EventPublishingTestExecutionListener, org.springframework.security.test.context.support.WithSecurityContextTestExecutionListener, org.springframework.security.test.context.support.ReactorContextTestExecutionListener, org.springframework.boot.test.mock.mockito.MockitoTestExecutionListener, org.springframework.boot.test.mock.mockito.ResetMocksTestExecutionListener]
2024-03-29 13:42:05.366  INFO 13869 --- [    Test worker] .b.t.c.SpringBootTestContextBootstrapper : Using TestExecutionListeners: [org.springframework.test.context.web.ServletTestExecutionListener@7ab8f93, org.springframework.test.context.support.DirtiesContextBeforeModesTestExecutionListener@6037748a, org.springframework.test.context.event.ApplicationEventsTestExecutionListener@4d87e7f3, org.springframework.boot.test.mock.mockito.MockitoTestExecutionListener@14c7ab73, org.springframework.boot.test.autoconfigure.SpringBootDependencyInjectionTestExecutionListener@4fcb796f, org.springframework.test.context.support.DirtiesContextTestExecutionListener@1483c738, org.springframework.test.context.transaction.TransactionalTestExecutionListener@66c91224, org.springframework.test.context.jdbc.SqlScriptsTestExecutionListener@4ffcb1bd, org.springframework.test.context.event.EventPublishingTestExecutionListener@5be8a92c, org.springframework.security.test.context.support.WithSecurityContextTestExecutionListener@51d80f6e, org.springframework.security.test.context.support.ReactorContextTestExecutionListener@7fae6f43, org.springframework.boot.test.autoconfigure.restdocs.RestDocsTestExecutionListener@55f54852, org.springframework.boot.test.autoconfigure.web.client.MockRestServiceServerResetTestExecutionListener@4bca2a09, org.springframework.boot.test.autoconfigure.web.servlet.MockMvcPrintOnlyOnFailureTestExecutionListener@5af8ef61, org.springframework.boot.test.autoconfigure.web.servlet.WebDriverTestExecutionListener@5620470a, org.springframework.boot.test.autoconfigure.webservices.client.MockWebServiceServerTestExecutionListener@29682244, org.springframework.boot.test.mock.mockito.ResetMocksTestExecutionListener@3368cf02]
]]></system-out>
  <system-err><![CDATA[]]></system-err>
</testsuite>
