<?xml version="1.0" encoding="UTF-8"?>
<testsuite name="com.product.controller.UserIntegrationTests" tests="1" skipped="0" failures="0" errors="0" timestamp="2024-03-30T03:52:52" hostname="cyalla-mac" time="1.279">
  <properties/>
  <testcase name="registerUserTest()" classname="com.product.controller.UserIntegrationTests" time="1.279"/>
  <system-out><![CDATA[2024-03-30 09:22:52 [Test worker] INFO  o.s.b.t.c.SpringBootTestContextBootstrapper - Neither @ContextConfiguration nor @ContextHierarchy found for test class [com.product.controller.UserIntegrationTests], using SpringBootContextLoader
2024-03-30 09:22:52 [Test worker] INFO  o.s.t.c.s.AbstractContextLoader - Could not detect default resource locations for test class [com.product.controller.UserIntegrationTests]: no resource found for suffixes {-context.xml, Context.groovy}.
2024-03-30 09:22:52 [Test worker] INFO  o.s.t.c.s.AnnotationConfigContextLoaderUtils - Could not detect default configuration classes for test class [com.product.controller.UserIntegrationTests]: UserIntegrationTests does not declare any static, non-private, non-final, nested classes annotated with @Configuration.
2024-03-30 09:22:52 [Test worker] INFO  o.s.b.t.c.SpringBootTestContextBootstrapper - Found @SpringBootConfiguration com.product.Application for test class com.product.controller.UserIntegrationTests
2024-03-30 09:22:52 [Test worker] INFO  o.s.b.t.c.SpringBootTestContextBootstrapper - Loaded default TestExecutionListener class names from location [META-INF/spring.factories]: [org.springframework.boot.test.autoconfigure.restdocs.RestDocsTestExecutionListener, org.springframework.boot.test.autoconfigure.web.client.MockRestServiceServerResetTestExecutionListener, org.springframework.boot.test.autoconfigure.web.servlet.MockMvcPrintOnlyOnFailureTestExecutionListener, org.springframework.boot.test.autoconfigure.web.servlet.WebDriverTestExecutionListener, org.springframework.boot.test.autoconfigure.webservices.client.MockWebServiceServerTestExecutionListener, org.springframework.test.context.web.ServletTestExecutionListener, org.springframework.test.context.support.DirtiesContextBeforeModesTestExecutionListener, org.springframework.test.context.event.ApplicationEventsTestExecutionListener, org.springframework.test.context.support.DependencyInjectionTestExecutionListener, org.springframework.test.context.support.DirtiesContextTestExecutionListener, org.springframework.test.context.transaction.TransactionalTestExecutionListener, org.springframework.test.context.jdbc.SqlScriptsTestExecutionListener, org.springframework.test.context.event.EventPublishingTestExecutionListener, org.springframework.security.test.context.support.WithSecurityContextTestExecutionListener, org.springframework.security.test.context.support.ReactorContextTestExecutionListener, org.springframework.boot.test.mock.mockito.MockitoTestExecutionListener, org.springframework.boot.test.mock.mockito.ResetMocksTestExecutionListener]
2024-03-30 09:22:52 [Test worker] INFO  o.s.b.t.c.SpringBootTestContextBootstrapper - Using TestExecutionListeners: [org.springframework.test.context.web.ServletTestExecutionListener@4545cfc0, org.springframework.test.context.support.DirtiesContextBeforeModesTestExecutionListener@5cdafb4d, org.springframework.test.context.event.ApplicationEventsTestExecutionListener@58ca1cad, org.springframework.boot.test.mock.mockito.MockitoTestExecutionListener@5ae6119b, org.springframework.boot.test.autoconfigure.SpringBootDependencyInjectionTestExecutionListener@31b6eec8, org.springframework.test.context.support.DirtiesContextTestExecutionListener@3abd7b20, org.springframework.test.context.transaction.TransactionalTestExecutionListener@329a27ae, org.springframework.test.context.jdbc.SqlScriptsTestExecutionListener@589a82af, org.springframework.test.context.event.EventPublishingTestExecutionListener@5edce7da, org.springframework.security.test.context.support.WithSecurityContextTestExecutionListener@f69e35a, org.springframework.security.test.context.support.ReactorContextTestExecutionListener@6c2d124e, org.springframework.boot.test.autoconfigure.restdocs.RestDocsTestExecutionListener@602e7a9e, org.springframework.boot.test.autoconfigure.web.client.MockRestServiceServerResetTestExecutionListener@59f5a376, org.springframework.boot.test.autoconfigure.web.servlet.MockMvcPrintOnlyOnFailureTestExecutionListener@19c6e821, org.springframework.boot.test.autoconfigure.web.servlet.WebDriverTestExecutionListener@1dfd3635, org.springframework.boot.test.autoconfigure.webservices.client.MockWebServiceServerTestExecutionListener@e14559e, org.springframework.boot.test.mock.mockito.ResetMocksTestExecutionListener@7a0eb939]
]]></system-out>
  <system-err><![CDATA[]]></system-err>
</testsuite>
